# JRE version: Java(TM) SE Runtime Environment (8.0_25-b18) (build 1.8.0_25-b18)
# Java VM: Java HotSpot(TM) 64-Bit Server VM (25.25-b02 mixed mode windows-amd64 compressed oops)
Heap:
 PSYoungGen      total 48640K, used 33139K [0x00000000e0980000, 0x00000000e4180000, 0x0000000100000000)
  eden space 41984K, 66% used [0x00000000e0980000,0x00000000e24a1f58,0x00000000e3280000)
  from space 6656K, 80% used [0x00000000e3b00000,0x00000000e403af60,0x00000000e4180000)
  to   space 7680K, 0% used [0x00000000e3280000,0x00000000e3280000,0x00000000e3a00000)
 ParOldGen       total 40448K, used 6313K [0x00000000a1c00000, 0x00000000a4380000, 0x00000000e0980000)
  object space 40448K, 15% used [0x00000000a1c00000,0x00000000a222a6d8,0x00000000a4380000)
 Metaspace       used 28941K, capacity 29228K, committed 29568K, reserved 1075200K
  class space    used 3635K, capacity 3690K, committed 3712K, reserved 1048576K
GC Heap History (10 events):
Event: 14.782 GC heap before
{Heap before GC invocations=3 (full 0):
 PSYoungGen      total 28672K, used 24033K [0x00000000e0980000, 0x00000000e2980000, 0x0000000100000000)
  eden space 24576K, 81% used [0x00000000e0980000,0x00000000e1cfe368,0x00000000e2180000)
  from space 4096K, 99% used [0x00000000e2580000,0x00000000e297a2b8,0x00000000e2980000)
  to   space 4096K, 0% used [0x00000000e2180000,0x00000000e2180000,0x00000000e2580000)
 ParOldGen       total 65536K, used 2000K [0x00000000a1c00000, 0x00000000a5c00000, 0x00000000e0980000)
  object space 65536K, 3% used [0x00000000a1c00000,0x00000000a1df4228,0x00000000a5c00000)
 Metaspace       used 20873K, capacity 21060K, committed 21248K, reserved 1067008K
  class space    used 2665K, capacity 2708K, committed 2816K, reserved 1048576K
Event: 14.794 GC heap after
Heap after GC invocations=3 (full 0):
 PSYoungGen      total 28672K, used 4070K [0x00000000e0980000, 0x00000000e2980000, 0x0000000100000000)
  eden space 24576K, 0% used [0x00000000e0980000,0x00000000e0980000,0x00000000e2180000)
  from space 4096K, 99% used [0x00000000e2180000,0x00000000e2579838,0x00000000e2580000)
  to   space 4096K, 0% used [0x00000000e2580000,0x00000000e2580000,0x00000000e2980000)
 ParOldGen       total 65536K, used 4098K [0x00000000a1c00000, 0x00000000a5c00000, 0x00000000e0980000)
  object space 65536K, 6% used [0x00000000a1c00000,0x00000000a2000970,0x00000000a5c00000)
 Metaspace       used 20873K, capacity 21060K, committed 21248K, reserved 1067008K
  class space    used 2665K, capacity 2708K, committed 2816K, reserved 1048576K
}
Event: 14.794 GC heap before
{Heap before GC invocations=4 (full 1):
 PSYoungGen      total 28672K, used 4070K [0x00000000e0980000, 0x00000000e2980000, 0x0000000100000000)
  eden space 24576K, 0% used [0x00000000e0980000,0x00000000e0980000,0x00000000e2180000)
  from space 4096K, 99% used [0x00000000e2180000,0x00000000e2579838,0x00000000e2580000)
  to   space 4096K, 0% used [0x00000000e2580000,0x00000000e2580000,0x00000000e2980000)
 ParOldGen       total 65536K, used 4098K [0x00000000a1c00000, 0x00000000a5c00000, 0x00000000e0980000)
  object space 65536K, 6% used [0x00000000a1c00000,0x00000000a2000970,0x00000000a5c00000)
 Metaspace       used 20873K, capacity 21060K, committed 21248K, reserved 1067008K
  class space    used 2665K, capacity 2708K, committed 2816K, reserved 1048576K
Event: 14.844 GC heap after
Heap after GC invocations=4 (full 1):
 PSYoungGen      total 28672K, used 0K [0x00000000e0980000, 0x00000000e2980000, 0x0000000100000000)
  eden space 24576K, 0% used [0x00000000e0980000,0x00000000e0980000,0x00000000e2180000)
  from space 4096K, 0% used [0x00000000e2180000,0x00000000e2180000,0x00000000e2580000)
  to   space 4096K, 0% used [0x00000000e2580000,0x00000000e2580000,0x00000000e2980000)
 ParOldGen       total 40448K, used 6124K [0x00000000a1c00000, 0x00000000a4380000, 0x00000000e0980000)
  object space 40448K, 15% used [0x00000000a1c00000,0x00000000a21fb2a0,0x00000000a4380000)
 Metaspace       used 20872K, capacity 21058K, committed 21248K, reserved 1067008K
  class space    used 2665K, capacity 2707K, committed 2816K, reserved 1048576K
}
Event: 15.223 GC heap before
{Heap before GC invocations=5 (full 1):
 PSYoungGen      total 28672K, used 24576K [0x00000000e0980000, 0x00000000e2980000, 0x0000000100000000)
  eden space 24576K, 100% used [0x00000000e0980000,0x00000000e2180000,0x00000000e2180000)
  from space 4096K, 0% used [0x00000000e2180000,0x00000000e2180000,0x00000000e2580000)
  to   space 4096K, 0% used [0x00000000e2580000,0x00000000e2580000,0x00000000e2980000)
 ParOldGen       total 40448K, used 6124K [0x00000000a1c00000, 0x00000000a4380000, 0x00000000e0980000)
  object space 40448K, 15% used [0x00000000a1c00000,0x00000000a21fb2a0,0x00000000a4380000)
 Metaspace       used 22824K, capacity 23072K, committed 23296K, reserved 1069056K
  class space    used 2896K, capacity 2968K, committed 3072K, reserved 1048576K
Event: 15.228 GC heap after
Heap after GC invocations=5 (full 1):
 PSYoungGen      total 28672K, used 2345K [0x00000000e0980000, 0x00000000e3c00000, 0x0000000100000000)
  eden space 24576K, 0% used [0x00000000e0980000,0x00000000e0980000,0x00000000e2180000)
  from space 4096K, 57% used [0x00000000e2580000,0x00000000e27ca568,0x00000000e2980000)
  to   space 4096K, 0% used [0x00000000e2180000,0x00000000e2180000,0x00000000e2580000)
 ParOldGen       total 40448K, used 6124K [0x00000000a1c00000, 0x00000000a4380000, 0x00000000e0980000)
  object space 40448K, 15% used [0x00000000a1c00000,0x00000000a21fb2a0,0x00000000a4380000)
 Metaspace       used 22824K, capacity 23072K, committed 23296K, reserved 1069056K
  class space    used 2896K, capacity 2968K, committed 3072K, reserved 1048576K
}
Event: 15.804 GC heap before
{Heap before GC invocations=6 (full 1):
 PSYoungGen      total 28672K, used 26921K [0x00000000e0980000, 0x00000000e3c00000, 0x0000000100000000)
  eden space 24576K, 100% used [0x00000000e0980000,0x00000000e2180000,0x00000000e2180000)
  from space 4096K, 57% used [0x00000000e2580000,0x00000000e27ca568,0x00000000e2980000)
  to   space 4096K, 0% used [0x00000000e2180000,0x00000000e2180000,0x00000000e2580000)
 ParOldGen       total 40448K, used 6124K [0x00000000a1c00000, 0x00000000a4380000, 0x00000000e0980000)
  object space 40448K, 15% used [0x00000000a1c00000,0x00000000a21fb2a0,0x00000000a4380000)
 Metaspace       used 25122K, capacity 25350K, committed 25600K, reserved 1071104K
  class space    used 3182K, capacity 3257K, committed 3328K, reserved 1048576K
Event: 15.809 GC heap after
Heap after GC invocations=6 (full 1):
 PSYoungGen      total 28672K, used 4093K [0x00000000e0980000, 0x00000000e4280000, 0x0000000100000000)
  eden space 24576K, 0% used [0x00000000e0980000,0x00000000e0980000,0x00000000e2180000)
  from space 4096K, 99% used [0x00000000e2180000,0x00000000e257f6e0,0x00000000e2580000)
  to   space 7680K, 0% used [0x00000000e3b00000,0x00000000e3b00000,0x00000000e4280000)
 ParOldGen       total 40448K, used 6305K [0x00000000a1c00000, 0x00000000a4380000, 0x00000000e0980000)
  object space 40448K, 15% used [0x00000000a1c00000,0x00000000a22286d8,0x00000000a4380000)
 Metaspace       used 25122K, capacity 25350K, committed 25600K, reserved 1071104K
  class space    used 3182K, capacity 3257K, committed 3328K, reserved 1048576K
}
Event: 21.250 GC heap before
{Heap before GC invocations=7 (full 1):
 PSYoungGen      total 28672K, used 28669K [0x00000000e0980000, 0x00000000e4280000, 0x0000000100000000)
  eden space 24576K, 100% used [0x00000000e0980000,0x00000000e2180000,0x00000000e2180000)
  from space 4096K, 99% used [0x00000000e2180000,0x00000000e257f6e0,0x00000000e2580000)
  to   space 7680K, 0% used [0x00000000e3b00000,0x00000000e3b00000,0x00000000e4280000)
 ParOldGen       total 40448K, used 6305K [0x00000000a1c00000, 0x00000000a4380000, 0x00000000e0980000)
  object space 40448K, 15% used [0x00000000a1c00000,0x00000000a22286d8,0x00000000a4380000)
 Metaspace       used 28504K, capacity 28772K, committed 29056K, reserved 1075200K
  class space    used 3601K, capacity 3690K, committed 3712K, reserved 1048576K
Event: 21.260 GC heap after
Heap after GC invocations=7 (full 1):
 PSYoungGen      total 48640K, used 5355K [0x00000000e0980000, 0x00000000e4180000, 0x0000000100000000)
  eden space 41984K, 0% used [0x00000000e0980000,0x00000000e0980000,0x00000000e3280000)
  from space 6656K, 80% used [0x00000000e3b00000,0x00000000e403af60,0x00000000e4180000)
  to   space 7680K, 0% used [0x00000000e3280000,0x00000000e3280000,0x00000000e3a00000)
 ParOldGen       total 40448K, used 6313K [0x00000000a1c00000, 0x00000000a4380000, 0x00000000e0980000)
  object space 40448K, 15% used [0x00000000a1c00000,0x00000000a222a6d8,0x00000000a4380000)
 Metaspace       used 28504K, capacity 28772K, committed 29056K, reserved 1075200K
  class space    used 3601K, capacity 3690K, committed 3712K, reserved 1048576K
}

