# JRE version: Java(TM) SE Runtime Environment (8.0_25-b18) (build 1.8.0_25-b18)
# Java VM: Java HotSpot(TM) 64-Bit Server VM (25.25-b02 mixed mode windows-amd64 compressed oops)
Heap:
 PSYoungGen      total 41472K, used 30867K [0x00000000e0980000, 0x00000000e4300000, 0x0000000100000000)
  eden space 33792K, 78% used [0x00000000e0980000,0x00000000e23640f8,0x00000000e2a80000)
  from space 7680K, 56% used [0x00000000e2a80000,0x00000000e2ec0dc8,0x00000000e3200000)
  to   space 7168K, 0% used [0x00000000e3c00000,0x00000000e3c00000,0x00000000e4300000)
 ParOldGen       total 47616K, used 6245K [0x00000000a1c00000, 0x00000000a4a80000, 0x00000000e0980000)
  object space 47616K, 13% used [0x00000000a1c00000,0x00000000a2219480,0x00000000a4a80000)
 Metaspace       used 29750K, capacity 30066K, committed 30464K, reserved 1075200K
  class space    used 3749K, capacity 3819K, committed 3840K, reserved 1048576K
GC Heap History (10 events):
Event: 4.065 GC heap before
{Heap before GC invocations=4 (full 1):
 PSYoungGen      total 28672K, used 4086K [0x00000000e0980000, 0x00000000e2980000, 0x0000000100000000)
  eden space 24576K, 0% used [0x00000000e0980000,0x00000000e0980000,0x00000000e2180000)
  from space 4096K, 99% used [0x00000000e2180000,0x00000000e257d848,0x00000000e2580000)
  to   space 4096K, 0% used [0x00000000e2580000,0x00000000e2580000,0x00000000e2980000)
 ParOldGen       total 65536K, used 4078K [0x00000000a1c00000, 0x00000000a5c00000, 0x00000000e0980000)
  object space 65536K, 6% used [0x00000000a1c00000,0x00000000a1ffba38,0x00000000a5c00000)
 Metaspace       used 20880K, capacity 21092K, committed 21248K, reserved 1067008K
  class space    used 2673K, capacity 2740K, committed 2816K, reserved 1048576K
Event: 4.114 GC heap after
Heap after GC invocations=4 (full 1):
 PSYoungGen      total 28672K, used 0K [0x00000000e0980000, 0x00000000e2980000, 0x0000000100000000)
  eden space 24576K, 0% used [0x00000000e0980000,0x00000000e0980000,0x00000000e2180000)
  from space 4096K, 0% used [0x00000000e2180000,0x00000000e2180000,0x00000000e2580000)
  to   space 4096K, 0% used [0x00000000e2580000,0x00000000e2580000,0x00000000e2980000)
 ParOldGen       total 47616K, used 6065K [0x00000000a1c00000, 0x00000000a4a80000, 0x00000000e0980000)
  object space 47616K, 12% used [0x00000000a1c00000,0x00000000a21ec620,0x00000000a4a80000)
 Metaspace       used 20879K, capacity 21090K, committed 21248K, reserved 1067008K
  class space    used 2672K, capacity 2739K, committed 2816K, reserved 1048576K
}
Event: 4.527 GC heap before
{Heap before GC invocations=5 (full 1):
 PSYoungGen      total 28672K, used 24576K [0x00000000e0980000, 0x00000000e2980000, 0x0000000100000000)
  eden space 24576K, 100% used [0x00000000e0980000,0x00000000e2180000,0x00000000e2180000)
  from space 4096K, 0% used [0x00000000e2180000,0x00000000e2180000,0x00000000e2580000)
  to   space 4096K, 0% used [0x00000000e2580000,0x00000000e2580000,0x00000000e2980000)
 ParOldGen       total 47616K, used 6065K [0x00000000a1c00000, 0x00000000a4a80000, 0x00000000e0980000)
  object space 47616K, 12% used [0x00000000a1c00000,0x00000000a21ec620,0x00000000a4a80000)
 Metaspace       used 22852K, capacity 23136K, committed 23552K, reserved 1069056K
  class space    used 2904K, capacity 2968K, committed 3072K, reserved 1048576K
Event: 4.532 GC heap after
Heap after GC invocations=5 (full 1):
 PSYoungGen      total 28672K, used 2344K [0x00000000e0980000, 0x00000000e3480000, 0x0000000100000000)
  eden space 24576K, 0% used [0x00000000e0980000,0x00000000e0980000,0x00000000e2180000)
  from space 4096K, 57% used [0x00000000e2580000,0x00000000e27ca2c0,0x00000000e2980000)
  to   space 4096K, 0% used [0x00000000e2180000,0x00000000e2180000,0x00000000e2580000)
 ParOldGen       total 47616K, used 6073K [0x00000000a1c00000, 0x00000000a4a80000, 0x00000000e0980000)
  object space 47616K, 12% used [0x00000000a1c00000,0x00000000a21ee620,0x00000000a4a80000)
 Metaspace       used 22852K, capacity 23136K, committed 23552K, reserved 1069056K
  class space    used 2904K, capacity 2968K, committed 3072K, reserved 1048576K
}
Event: 5.098 GC heap before
{Heap before GC invocations=6 (full 1):
 PSYoungGen      total 28672K, used 26920K [0x00000000e0980000, 0x00000000e3480000, 0x0000000100000000)
  eden space 24576K, 100% used [0x00000000e0980000,0x00000000e2180000,0x00000000e2180000)
  from space 4096K, 57% used [0x00000000e2580000,0x00000000e27ca2c0,0x00000000e2980000)
  to   space 4096K, 0% used [0x00000000e2180000,0x00000000e2180000,0x00000000e2580000)
 ParOldGen       total 47616K, used 6073K [0x00000000a1c00000, 0x00000000a4a80000, 0x00000000e0980000)
  object space 47616K, 12% used [0x00000000a1c00000,0x00000000a21ee620,0x00000000a4a80000)
 Metaspace       used 25150K, capacity 25414K, committed 25600K, reserved 1071104K
  class space    used 3191K, capacity 3257K, committed 3328K, reserved 1048576K
Event: 5.103 GC heap after
Heap after GC invocations=6 (full 1):
 PSYoungGen      total 28672K, used 4078K [0x00000000e0980000, 0x00000000e3b80000, 0x0000000100000000)
  eden space 24576K, 0% used [0x00000000e0980000,0x00000000e0980000,0x00000000e2180000)
  from space 4096K, 99% used [0x00000000e2180000,0x00000000e257b980,0x00000000e2580000)
  to   space 7680K, 0% used [0x00000000e3400000,0x00000000e3400000,0x00000000e3b80000)
 ParOldGen       total 47616K, used 6229K [0x00000000a1c00000, 0x00000000a4a80000, 0x00000000e0980000)
  object space 47616K, 13% used [0x00000000a1c00000,0x00000000a2215480,0x00000000a4a80000)
 Metaspace       used 25150K, capacity 25414K, committed 25600K, reserved 1071104K
  class space    used 3191K, capacity 3257K, committed 3328K, reserved 1048576K
}
Event: 13.608 GC heap before
{Heap before GC invocations=7 (full 1):
 PSYoungGen      total 28672K, used 28654K [0x00000000e0980000, 0x00000000e3b80000, 0x0000000100000000)
  eden space 24576K, 100% used [0x00000000e0980000,0x00000000e2180000,0x00000000e2180000)
  from space 4096K, 99% used [0x00000000e2180000,0x00000000e257b980,0x00000000e2580000)
  to   space 7680K, 0% used [0x00000000e3400000,0x00000000e3400000,0x00000000e3b80000)
 ParOldGen       total 47616K, used 6229K [0x00000000a1c00000, 0x00000000a4a80000, 0x00000000e0980000)
  object space 47616K, 13% used [0x00000000a1c00000,0x00000000a2215480,0x00000000a4a80000)
 Metaspace       used 28466K, capacity 28742K, committed 29056K, reserved 1075200K
  class space    used 3606K, capacity 3677K, committed 3712K, reserved 1048576K
Event: 13.615 GC heap after
Heap after GC invocations=7 (full 1):
 PSYoungGen      total 39424K, used 5392K [0x00000000e0980000, 0x00000000e3980000, 0x0000000100000000)
  eden space 33792K, 0% used [0x00000000e0980000,0x00000000e0980000,0x00000000e2a80000)
  from space 5632K, 95% used [0x00000000e3400000,0x00000000e39443f8,0x00000000e3980000)
  to   space 7680K, 0% used [0x00000000e2a80000,0x00000000e2a80000,0x00000000e3200000)
 ParOldGen       total 47616K, used 6237K [0x00000000a1c00000, 0x00000000a4a80000, 0x00000000e0980000)
  object space 47616K, 13% used [0x00000000a1c00000,0x00000000a2217480,0x00000000a4a80000)
 Metaspace       used 28466K, capacity 28742K, committed 29056K, reserved 1075200K
  class space    used 3606K, capacity 3677K, committed 3712K, reserved 1048576K
}
Event: 58.097 GC heap before
{Heap before GC invocations=8 (full 1):
 PSYoungGen      total 39424K, used 39184K [0x00000000e0980000, 0x00000000e3980000, 0x0000000100000000)
  eden space 33792K, 100% used [0x00000000e0980000,0x00000000e2a80000,0x00000000e2a80000)
  from space 5632K, 95% used [0x00000000e3400000,0x00000000e39443f8,0x00000000e3980000)
  to   space 7680K, 0% used [0x00000000e2a80000,0x00000000e2a80000,0x00000000e3200000)
 ParOldGen       total 47616K, used 6237K [0x00000000a1c00000, 0x00000000a4a80000, 0x00000000e0980000)
  object space 47616K, 13% used [0x00000000a1c00000,0x00000000a2217480,0x00000000a4a80000)
 Metaspace       used 29237K, capacity 29484K, committed 29696K, reserved 1075200K
  class space    used 3729K, capacity 3818K, committed 3840K, reserved 1048576K
Event: 58.103 GC heap after
Heap after GC invocations=8 (full 1):
 PSYoungGen      total 41472K, used 4355K [0x00000000e0980000, 0x00000000e4300000, 0x0000000100000000)
  eden space 33792K, 0% used [0x00000000e0980000,0x00000000e0980000,0x00000000e2a80000)
  from space 7680K, 56% used [0x00000000e2a80000,0x00000000e2ec0dc8,0x00000000e3200000)
  to   space 7168K, 0% used [0x00000000e3c00000,0x00000000e3c00000,0x00000000e4300000)
 ParOldGen       total 47616K, used 6245K [0x00000000a1c00000, 0x00000000a4a80000, 0x00000000e0980000)
  object space 47616K, 13% used [0x00000000a1c00000,0x00000000a2219480,0x00000000a4a80000)
 Metaspace       used 29237K, capacity 29484K, committed 29696K, reserved 1075200K
  class space    used 3729K, capacity 3818K, committed 3840K, reserved 1048576K
}

